[backblue.gif]
[fade.gif]
[index.html]
[use.typekit.net/ik/eOS_FSFKqb_JMnI80NUrdLYIiYtGg81a_WNlbG_YHv6fen3gfHYEBsJzwD9oFDIDWDbojQ6uF2JDweJaFRwuF2juwD9UFhbUFQsKFcjk5eIoFRFywRMtZQ6-mkG0dW83da4XZcNC-Av0jhNlOfG0SY4]
[skr010561.myportfolio.com/site/translations9d91]
[skr010561.myportfolio.com/dist/js/main9d91.js]
[skr010561.myportfolio.com/index.html]
[skr010561.myportfolio.com/dist/css/main.css]
[pro2-bar-s3-cdn-cf5.myportfolio.com/ee8523ce136df57c9c8c34cfe9d66946/60aff43e-2d27-4a8c-91cf-83f85e4dee29_rwc_0x0x5616x3744x40969c72.jpg]
[pro2-bar-s3-cdn-cf6.myportfolio.com/ee8523ce136df57c9c8c34cfe9d66946/745d3be3781cc00bd18362d435e72b0215994209576965.css]
[skr010561.myportfolio.com/skr.html]
[skr010561.myportfolio.com/home.html]
[pro2-bar-s3-cdn-cf2.myportfolio.com/ee8523ce136df57c9c8c34cfe9d66946/39912428216de37dfbc498345135c0271599420957b556.css]
[pro2-bar-s3-cdn-cf6.myportfolio.com/ee8523ce136df57c9c8c34cfe9d66946/aa366d68-f46b-4bb8-bc5f-0f1168e7a473df1c.png]
[pro2-bar-s3-cdn-cf6.myportfolio.com/ee8523ce136df57c9c8c34cfe9d66946/aa366d68-f46b-4bb8-bc5f-0f1168e7a473_rw_19203e96.png]
[pro2-bar-s3-cdn-cf3.myportfolio.com/ee8523ce136df57c9c8c34cfe9d66946/e1d83da8-1426-463c-9f94-51061105fd53b539.png]
[pro2-bar-s3-cdn-cf3.myportfolio.com/ee8523ce136df57c9c8c34cfe9d66946/e1d83da8-1426-463c-9f94-51061105fd53_rw_1920d828.png]
[pro2-bar-s3-cdn-cf6.myportfolio.com/ee8523ce136df57c9c8c34cfe9d66946/0c426f5a-2ffe-401b-a344-a508c3fef1678c1c.png]
[pro2-bar-s3-cdn-cf6.myportfolio.com/ee8523ce136df57c9c8c34cfe9d66946/0c426f5a-2ffe-401b-a344-a508c3fef167_rw_1920a3ff.png]
[pro2-bar-s3-cdn-cf5.myportfolio.com/ee8523ce136df57c9c8c34cfe9d66946/648cbb21-ab5e-45d4-83ed-5b0403aff0f863ab.png]
[pro2-bar-s3-cdn-cf5.myportfolio.com/ee8523ce136df57c9c8c34cfe9d66946/648cbb21-ab5e-45d4-83ed-5b0403aff0f8_rw_19204766.png]
[skr010561.myportfolio.com/projects.html]
[pro2-bar-s3-cdn-cf6.myportfolio.com/ee8523ce136df57c9c8c34cfe9d66946/01a3338c-b91d-407c-9f29-dfeb73bf56ae_rwc_0x0x5616x3744x40962597.jpg]
[pro2-bar-s3-cdn-cf2.myportfolio.com/ee8523ce136df57c9c8c34cfe9d66946/309d8a299cf87ad2873f2e9d70c83e9a15994209578b6d.css]
[skr010561.myportfolio.com/myself.html]
[pro2-bar-s3-cdn-cf2.myportfolio.com/ee8523ce136df57c9c8c34cfe9d66946/d96e85102f5b40e8852734aef8d8d5e71599420957239f.css]
